Build started 7/17/2015 3:27:50 PM.
     1>Project "C:\Users\student\Dropbox\Min Hoo L\Galaga2.0\Galaga2.0\Galaga2.0.vcxproj" on node 2 (Build target(s)).
     1>ClCompile:
         C:\Program Files (x86)\Microsoft Visual Studio 12.0\VC\bin\CL.exe /c /ZI /nologo /W3 /WX- /sdl /Od /Oy- /D WIN32 /D _DEBUG /D _CONSOLE /D _LIB /D _UNICODE /D UNICODE /Gm /EHsc /RTC1 /MDd /GS /fp:precise /Zc:wchar_t /Zc:forScope /Fo"Debug\\" /Fd"Debug\vc120.pdb" /Gd /TP /analyze- /errorReport:prompt enemy.cpp
         enemy.cpp
     1>c:\users\student\dropbox\min hoo l\galaga2.0\galaga2.0\enemy.cpp(42): warning C4244: '=' : conversion from 'const float' to 'int', possible loss of data
     1>c:\users\student\dropbox\min hoo l\galaga2.0\galaga2.0\enemy.cpp(43): warning C4244: '=' : conversion from 'const float' to 'int', possible loss of data
     1>c:\users\student\dropbox\min hoo l\galaga2.0\galaga2.0\enemy.cpp(65): warning C4244: '=' : conversion from 'double' to 'int', possible loss of data
     1>c:\users\student\dropbox\min hoo l\galaga2.0\galaga2.0\enemy.cpp(66): warning C4244: '=' : conversion from 'double' to 'int', possible loss of data
     1>c:\users\student\dropbox\min hoo l\galaga2.0\galaga2.0\enemy.cpp(87): warning C4244: '=' : conversion from 'double' to 'float', possible loss of data
     1>c:\users\student\dropbox\min hoo l\galaga2.0\galaga2.0\enemy.cpp(88): warning C4244: '=' : conversion from 'double' to 'float', possible loss of data
     1>c:\users\student\dropbox\min hoo l\galaga2.0\galaga2.0\enemy.cpp(109): warning C4244: '=' : conversion from 'double' to 'float', possible loss of data
     1>c:\users\student\dropbox\min hoo l\galaga2.0\galaga2.0\enemy.cpp(110): warning C4244: '=' : conversion from 'double' to 'float', possible loss of data
     1>c:\users\student\dropbox\min hoo l\galaga2.0\galaga2.0\enemy.cpp(218): warning C4244: 'argument' : conversion from 'double' to 'float', possible loss of data
     1>c:\users\student\dropbox\min hoo l\galaga2.0\galaga2.0\enemy.cpp(233): warning C4244: '=' : conversion from 'int' to 'float', possible loss of data
     1>c:\users\student\dropbox\min hoo l\galaga2.0\galaga2.0\enemy.cpp(259): warning C4244: 'argument' : conversion from 'double' to 'float', possible loss of data
     1>c:\users\student\dropbox\min hoo l\galaga2.0\galaga2.0\enemy.cpp(264): warning C4244: '=' : conversion from 'double' to 'float', possible loss of data
     1>c:\users\student\dropbox\min hoo l\galaga2.0\galaga2.0\enemy.cpp(265): warning C4244: '=' : conversion from 'double' to 'float', possible loss of data
     1>c:\users\student\dropbox\min hoo l\galaga2.0\galaga2.0\enemy.cpp(270): warning C4244: '=' : conversion from 'double' to 'float', possible loss of data
     1>c:\users\student\dropbox\min hoo l\galaga2.0\galaga2.0\enemy.cpp(271): warning C4244: '=' : conversion from 'double' to 'float', possible loss of data
     1>c:\users\student\dropbox\min hoo l\galaga2.0\galaga2.0\enemy.cpp(276): warning C4244: '=' : conversion from 'double' to 'float', possible loss of data
     1>c:\users\student\dropbox\min hoo l\galaga2.0\galaga2.0\enemy.cpp(277): warning C4244: '=' : conversion from 'double' to 'float', possible loss of data
     1>c:\users\student\dropbox\min hoo l\galaga2.0\galaga2.0\enemy.cpp(295): warning C4244: 'argument' : conversion from 'double' to 'float', possible loss of data
     1>c:\users\student\dropbox\min hoo l\galaga2.0\galaga2.0\enemy.cpp(298): warning C4244: 'initializing' : conversion from 'int' to 'float', possible loss of data
     1>c:\users\student\dropbox\min hoo l\galaga2.0\galaga2.0\enemy.cpp(299): warning C4244: 'initializing' : conversion from 'double' to 'float', possible loss of data
       Link:
         C:\Program Files (x86)\Microsoft Visual Studio 12.0\VC\bin\link.exe /ERRORREPORT:PROMPT /OUT:"C:\Users\student\Dropbox\Min Hoo L\Galaga2.0\Debug\Galaga2.0.exe" /INCREMENTAL /NOLOGO "sfml-graphics-d.lib" "sfml-audio-d.lib" "sfml-network-d.lib" "sfml-window-d.lib" "sfml-system-d.lib" kernel32.lib user32.lib gdi32.lib winspool.lib comdlg32.lib advapi32.lib shell32.lib ole32.lib oleaut32.lib uuid.lib odbc32.lib odbccp32.lib kernel32.lib user32.lib gdi32.lib winspool.lib comdlg32.lib advapi32.lib shell32.lib ole32.lib oleaut32.lib uuid.lib odbc32.lib odbccp32.lib /MANIFEST /MANIFESTUAC:"level='asInvoker' uiAccess='false'" /manifest:embed /DEBUG /PDB:"C:\Users\student\Dropbox\Min Hoo L\Galaga2.0\Debug\Galaga2.0.pdb" /SUBSYSTEM:CONSOLE /TLBID:1 /DYNAMICBASE /NXCOMPAT /IMPLIB:"C:\Users\student\Dropbox\Min Hoo L\Galaga2.0\Debug\Galaga2.0.lib" /MACHINE:X86 Debug\backgroundParticles.obj
         Debug\enemy.obj
         Debug\enemyBullet.obj
         Debug\galagaGame.obj
         Debug\gameObject.obj
         Debug\Main.obj
         Debug\player.obj
         Debug\playerBullet.obj
         Galaga2.0.vcxproj -> C:\Users\student\Dropbox\Min Hoo L\Galaga2.0\Debug\Galaga2.0.exe
     1>Done Building Project "C:\Users\student\Dropbox\Min Hoo L\Galaga2.0\Galaga2.0\Galaga2.0.vcxproj" (Build target(s)).

Build succeeded.

Time Elapsed 00:00:02.97
